This file contains any messages produced by compilers while
running configure, to aid debugging if configure makes a mistake.

It was created by msmtp configure 1.8.24, which was
generated by GNU Autoconf 2.71.  Invocation command line was

  $ ./configure

## --------- ##
## Platform. ##
## --------- ##

hostname = a2d9b986607f
uname -m = x86_64
uname -r = 5.15.0-73-generic
uname -s = Linux
uname -v = #80-Ubuntu SMP Mon May 15 15:18:26 UTC 2023

/usr/bin/uname -p = x86_64
/bin/uname -X     = unknown

/bin/arch              = x86_64
/usr/bin/arch -k       = unknown
/usr/convex/getsysinfo = unknown
/usr/bin/hostinfo      = unknown
/bin/machine           = unknown
/usr/bin/oslevel       = unknown
/bin/universe          = unknown

PATH: /usr/local/sbin/
PATH: /usr/local/bin/
PATH: /usr/sbin/
PATH: /usr/bin/
PATH: /sbin/
PATH: /bin/
PATH: /usr/local/go/bin/


## ----------- ##
## Core tests. ##
## ----------- ##

configure:2566: looking for aux files: config.rpath missing install-sh compile config.guess config.sub
configure:2579:  trying ./build-aux/
configure:2608:   ./build-aux/config.rpath found
configure:2608:   ./build-aux/missing found
configure:2590:   ./build-aux/install-sh found
configure:2608:   ./build-aux/compile found
configure:2608:   ./build-aux/config.guess found
configure:2608:   ./build-aux/config.sub found
configure:2730: checking build system type
configure:2745: result: x86_64-pc-linux-gnu
configure:2765: checking host system type
configure:2779: result: x86_64-pc-linux-gnu
configure:2799: checking target system type
configure:2813: result: x86_64-pc-linux-gnu
configure:2905: checking for gcc
configure:2926: found /usr/bin/gcc
configure:2937: result: gcc
configure:3290: checking for C compiler version
configure:3299: gcc --version >&5
gcc (GCC) 8.5.0 20210514 (Red Hat 8.5.0-4)
Copyright (C) 2018 Free Software Foundation, Inc.
This is free software; see the source for copying conditions.  There is NO
warranty; not even for MERCHANTABILITY or FITNESS FOR A PARTICULAR PURPOSE.

configure:3310: $? = 0
configure:3299: gcc -v >&5
Using built-in specs.
COLLECT_GCC=gcc
COLLECT_LTO_WRAPPER=/usr/libexec/gcc/x86_64-redhat-linux/8/lto-wrapper
OFFLOAD_TARGET_NAMES=nvptx-none
OFFLOAD_TARGET_DEFAULT=1
Target: x86_64-redhat-linux
Configured with: ../configure --enable-bootstrap --enable-languages=c,c++,fortran,lto --prefix=/usr --mandir=/usr/share/man --infodir=/usr/share/info --with-bugurl=http://bugzilla.redhat.com/bugzilla --enable-shared --enable-threads=posix --enable-checking=release --enable-multilib --with-system-zlib --enable-__cxa_atexit --disable-libunwind-exceptions --enable-gnu-unique-object --enable-linker-build-id --with-gcc-major-version-only --with-linker-hash-style=gnu --enable-plugin --enable-initfini-array --with-isl --disable-libmpx --enable-offload-targets=nvptx-none --without-cuda-driver --enable-gnu-indirect-function --enable-cet --with-tune=generic --with-arch_32=x86-64 --build=x86_64-redhat-linux
Thread model: posix
gcc version 8.5.0 20210514 (Red Hat 8.5.0-4) (GCC) 
configure:3310: $? = 0
configure:3299: gcc -V >&5
gcc: error: unrecognized command line option '-V'
gcc: fatal error: no input files
compilation terminated.
configure:3310: $? = 1
configure:3299: gcc -qversion >&5
gcc: error: unrecognized command line option '-qversion'; did you mean '--version'?
gcc: fatal error: no input files
compilation terminated.
configure:3310: $? = 1
configure:3299: gcc -version >&5
gcc: error: unrecognized command line option '-version'
gcc: fatal error: no input files
compilation terminated.
configure:3310: $? = 1
configure:3330: checking whether the C compiler works
configure:3352: gcc    conftest.c  >&5
configure:3356: $? = 0
configure:3406: result: yes
configure:3409: checking for C compiler default output file name
configure:3411: result: a.out
configure:3417: checking for suffix of executables
configure:3424: gcc -o conftest    conftest.c  >&5
configure:3428: $? = 0
configure:3451: result: 
configure:3473: checking whether we are cross compiling
configure:3481: gcc -o conftest    conftest.c  >&5
configure:3485: $? = 0
configure:3492: ./conftest
configure:3496: $? = 0
configure:3511: result: no
configure:3516: checking for suffix of object files
configure:3539: gcc -c   conftest.c >&5
configure:3543: $? = 0
configure:3565: result: o
configure:3569: checking whether the compiler supports GNU C
configure:3589: gcc -c   conftest.c >&5
configure:3589: $? = 0
configure:3599: result: yes
configure:3610: checking whether gcc accepts -g
configure:3631: gcc -c -g  conftest.c >&5
configure:3631: $? = 0
configure:3675: result: yes
configure:3695: checking for gcc option to enable C11 features
configure:3710: gcc  -c -g -O2  conftest.c >&5
configure:3710: $? = 0
configure:3728: result: none needed
configure:3844: checking whether gcc understands -c and -o together
configure:3867: gcc -c conftest.c -o conftest2.o
configure:3870: $? = 0
configure:3867: gcc -c conftest.c -o conftest2.o
configure:3870: $? = 0
configure:3882: result: yes
configure:3904: checking for stdio.h
configure:3904: gcc -c -g -O2  conftest.c >&5
configure:3904: $? = 0
configure:3904: result: yes
configure:3904: checking for stdlib.h
configure:3904: gcc -c -g -O2  conftest.c >&5
configure:3904: $? = 0
configure:3904: result: yes
configure:3904: checking for string.h
configure:3904: gcc -c -g -O2  conftest.c >&5
configure:3904: $? = 0
configure:3904: result: yes
configure:3904: checking for inttypes.h
configure:3904: gcc -c -g -O2  conftest.c >&5
configure:3904: $? = 0
configure:3904: result: yes
configure:3904: checking for stdint.h
configure:3904: gcc -c -g -O2  conftest.c >&5
configure:3904: $? = 0
configure:3904: result: yes
configure:3904: checking for strings.h
configure:3904: gcc -c -g -O2  conftest.c >&5
configure:3904: $? = 0
configure:3904: result: yes
configure:3904: checking for sys/stat.h
configure:3904: gcc -c -g -O2  conftest.c >&5
configure:3904: $? = 0
configure:3904: result: yes
configure:3904: checking for sys/types.h
configure:3904: gcc -c -g -O2  conftest.c >&5
configure:3904: $? = 0
configure:3904: result: yes
configure:3904: checking for unistd.h
configure:3904: gcc -c -g -O2  conftest.c >&5
configure:3904: $? = 0
configure:3904: result: yes
configure:3904: checking for wchar.h
configure:3904: gcc -c -g -O2  conftest.c >&5
configure:3904: $? = 0
configure:3904: result: yes
configure:3904: checking for minix/config.h
configure:3904: gcc -c -g -O2  conftest.c >&5
conftest.c:47:10: fatal error: minix/config.h: No such file or directory
 #include <minix/config.h>
          ^~~~~~~~~~~~~~~~
compilation terminated.
configure:3904: $? = 1
configure: failed program was:
| /* confdefs.h */
| #define PACKAGE_NAME "msmtp"
| #define PACKAGE_TARNAME "msmtp"
| #define PACKAGE_VERSION "1.8.24"
| #define PACKAGE_STRING "msmtp 1.8.24"
| #define PACKAGE_BUGREPORT "marlam@marlam.de"
| #define PACKAGE_URL "https://marlam.de/msmtp"
| #define HAVE_STDIO_H 1
| #define HAVE_STDLIB_H 1
| #define HAVE_STRING_H 1
| #define HAVE_INTTYPES_H 1
| #define HAVE_STDINT_H 1
| #define HAVE_STRINGS_H 1
| #define HAVE_SYS_STAT_H 1
| #define HAVE_SYS_TYPES_H 1
| #define HAVE_UNISTD_H 1
| #define HAVE_WCHAR_H 1
| /* end confdefs.h.  */
| #include <stddef.h>
| #ifdef HAVE_STDIO_H
| # include <stdio.h>
| #endif
| #ifdef HAVE_STDLIB_H
| # include <stdlib.h>
| #endif
| #ifdef HAVE_STRING_H
| # include <string.h>
| #endif
| #ifdef HAVE_INTTYPES_H
| # include <inttypes.h>
| #endif
| #ifdef HAVE_STDINT_H
| # include <stdint.h>
| #endif
| #ifdef HAVE_STRINGS_H
| # include <strings.h>
| #endif
| #ifdef HAVE_SYS_TYPES_H
| # include <sys/types.h>
| #endif
| #ifdef HAVE_SYS_STAT_H
| # include <sys/stat.h>
| #endif
| #ifdef HAVE_UNISTD_H
| # include <unistd.h>
| #endif
| #include <minix/config.h>
configure:3904: result: no
configure:3935: checking whether it is safe to define __EXTENSIONS__
configure:3954: gcc -c -g -O2  conftest.c >&5
configure:3954: $? = 0
configure:3962: result: yes
configure:3965: checking whether _XOPEN_SOURCE should be defined
configure:3987: gcc -c -g -O2  conftest.c >&5
configure:3987: $? = 0
configure:4014: result: no
configure:4078: checking for special C compiler options needed for large files
configure:4126: result: no
configure:4132: checking for _FILE_OFFSET_BITS value needed for large files
configure:4158: gcc -c -g -O2  conftest.c >&5
configure:4158: $? = 0
configure:4192: result: no
configure:4291: checking for a BSD-compatible install
configure:4364: result: /usr/bin/install -c
configure:4375: checking whether build environment is sane
configure:4430: result: yes
configure:4585: checking for a race-free mkdir -p
configure:4629: result: /usr/bin/mkdir -p
configure:4636: checking for gawk
configure:4657: found /usr/bin/gawk
configure:4668: result: gawk
configure:4679: checking whether make sets $(MAKE)
configure:4702: result: yes
configure:4724: checking whether make supports the include directive
configure:4739: make -f confmf.GNU && cat confinc.out
this is the am__doit target
configure:4742: $? = 0
configure:4761: result: yes (GNU style)
configure:4796: checking whether make supports nested variables
configure:4814: result: yes
configure:4895: checking dependency style of gcc
configure:5007: result: gcc3
configure:5091: checking whether make supports nested variables
configure:5109: result: yes
configure:5173: checking for gcc
configure:5205: result: gcc
configure:5558: checking for C compiler version
configure:5567: gcc --version >&5
gcc (GCC) 8.5.0 20210514 (Red Hat 8.5.0-4)
Copyright (C) 2018 Free Software Foundation, Inc.
This is free software; see the source for copying conditions.  There is NO
warranty; not even for MERCHANTABILITY or FITNESS FOR A PARTICULAR PURPOSE.

configure:5578: $? = 0
configure:5567: gcc -v >&5
Using built-in specs.
COLLECT_GCC=gcc
COLLECT_LTO_WRAPPER=/usr/libexec/gcc/x86_64-redhat-linux/8/lto-wrapper
OFFLOAD_TARGET_NAMES=nvptx-none
OFFLOAD_TARGET_DEFAULT=1
Target: x86_64-redhat-linux
Configured with: ../configure --enable-bootstrap --enable-languages=c,c++,fortran,lto --prefix=/usr --mandir=/usr/share/man --infodir=/usr/share/info --with-bugurl=http://bugzilla.redhat.com/bugzilla --enable-shared --enable-threads=posix --enable-checking=release --enable-multilib --with-system-zlib --enable-__cxa_atexit --disable-libunwind-exceptions --enable-gnu-unique-object --enable-linker-build-id --with-gcc-major-version-only --with-linker-hash-style=gnu --enable-plugin --enable-initfini-array --with-isl --disable-libmpx --enable-offload-targets=nvptx-none --without-cuda-driver --enable-gnu-indirect-function --enable-cet --with-tune=generic --with-arch_32=x86-64 --build=x86_64-redhat-linux
Thread model: posix
gcc version 8.5.0 20210514 (Red Hat 8.5.0-4) (GCC) 
configure:5578: $? = 0
configure:5567: gcc -V >&5
gcc: error: unrecognized command line option '-V'
gcc: fatal error: no input files
compilation terminated.
configure:5578: $? = 1
configure:5567: gcc -qversion >&5
gcc: error: unrecognized command line option '-qversion'; did you mean '--version'?
gcc: fatal error: no input files
compilation terminated.
configure:5578: $? = 1
configure:5567: gcc -version >&5
gcc: error: unrecognized command line option '-version'
gcc: fatal error: no input files
compilation terminated.
configure:5578: $? = 1
configure:5582: checking whether the compiler supports GNU C
configure:5612: result: yes
configure:5623: checking whether gcc accepts -g
configure:5688: result: yes
configure:5708: checking for gcc option to enable C11 features
configure:5741: result: none needed
configure:5857: checking whether gcc understands -c and -o together
configure:5895: result: yes
configure:5926: checking for a sed that does not truncate output
configure:5996: result: /usr/bin/sed
configure:6002: checking whether NLS is requested
configure:6012: result: yes
configure:6052: checking for msgfmt
configure: trying /usr/bin/msgfmt...
0 translated messages.
configure:6085: result: /usr/bin/msgfmt
configure:6094: checking for gmsgfmt
configure:6130: result: /usr/bin/msgfmt
configure:6175: checking for xgettext
configure: trying /usr/bin/xgettext...
/usr/bin/xgettext: warning: file '/dev/null' extension '' is unknown; will try C
configure:6208: result: /usr/bin/xgettext
configure:6253: checking for msgmerge
configure: trying /usr/bin/msgmerge...
configure:6285: result: /usr/bin/msgmerge
configure:6353: checking for ld used by gcc
configure:6481: result: /usr/bin/ld
configure:6488: checking if the linker (/usr/bin/ld) is GNU ld
configure:6504: result: yes
configure:6512: checking for shared library run path origin
configure:6526: result: done
configure:6548: checking 32-bit host C ABI
configure:6615: gcc -c -g -O2  conftest.c >&5
configure:6615: $? = 0
configure:6811: result: no
configure:6821: checking how to run the C preprocessor
configure:6847: gcc -E  conftest.c
configure:6847: $? = 0
configure:6862: gcc -E  conftest.c
conftest.c:39:10: fatal error: ac_nonexistent.h: No such file or directory
 #include <ac_nonexistent.h>
          ^~~~~~~~~~~~~~~~~~
compilation terminated.
configure:6862: $? = 1
configure: failed program was:
| /* confdefs.h */
| #define PACKAGE_NAME "msmtp"
| #define PACKAGE_TARNAME "msmtp"
| #define PACKAGE_VERSION "1.8.24"
| #define PACKAGE_STRING "msmtp 1.8.24"
| #define PACKAGE_BUGREPORT "marlam@marlam.de"
| #define PACKAGE_URL "https://marlam.de/msmtp"
| #define HAVE_STDIO_H 1
| #define HAVE_STDLIB_H 1
| #define HAVE_STRING_H 1
| #define HAVE_INTTYPES_H 1
| #define HAVE_STDINT_H 1
| #define HAVE_STRINGS_H 1
| #define HAVE_SYS_STAT_H 1
| #define HAVE_SYS_TYPES_H 1
| #define HAVE_UNISTD_H 1
| #define HAVE_WCHAR_H 1
| #define STDC_HEADERS 1
| #define _ALL_SOURCE 1
| #define _DARWIN_C_SOURCE 1
| #define _GNU_SOURCE 1
| #define _HPUX_ALT_XOPEN_SOCKET_API 1
| #define _NETBSD_SOURCE 1
| #define _OPENBSD_SOURCE 1
| #define _POSIX_PTHREAD_SEMANTICS 1
| #define __STDC_WANT_IEC_60559_ATTRIBS_EXT__ 1
| #define __STDC_WANT_IEC_60559_BFP_EXT__ 1
| #define __STDC_WANT_IEC_60559_DFP_EXT__ 1
| #define __STDC_WANT_IEC_60559_FUNCS_EXT__ 1
| #define __STDC_WANT_IEC_60559_TYPES_EXT__ 1
| #define __STDC_WANT_LIB_EXT2__ 1
| #define __STDC_WANT_MATH_SPEC_FUNCS__ 1
| #define _TANDEM_SOURCE 1
| #define __EXTENSIONS__ 1
| #define PACKAGE "msmtp"
| #define VERSION "1.8.24"
| #define PLATFORM "x86_64-pc-linux-gnu"
| /* end confdefs.h.  */
| #include <ac_nonexistent.h>
configure:6889: result: gcc -E
configure:6903: gcc -E  conftest.c
configure:6903: $? = 0
configure:6918: gcc -E  conftest.c
conftest.c:39:10: fatal error: ac_nonexistent.h: No such file or directory
 #include <ac_nonexistent.h>
          ^~~~~~~~~~~~~~~~~~
compilation terminated.
configure:6918: $? = 1
configure: failed program was:
| /* confdefs.h */
| #define PACKAGE_NAME "msmtp"
| #define PACKAGE_TARNAME "msmtp"
| #define PACKAGE_VERSION "1.8.24"
| #define PACKAGE_STRING "msmtp 1.8.24"
| #define PACKAGE_BUGREPORT "marlam@marlam.de"
| #define PACKAGE_URL "https://marlam.de/msmtp"
| #define HAVE_STDIO_H 1
| #define HAVE_STDLIB_H 1
| #define HAVE_STRING_H 1
| #define HAVE_INTTYPES_H 1
| #define HAVE_STDINT_H 1
| #define HAVE_STRINGS_H 1
| #define HAVE_SYS_STAT_H 1
| #define HAVE_SYS_TYPES_H 1
| #define HAVE_UNISTD_H 1
| #define HAVE_WCHAR_H 1
| #define STDC_HEADERS 1
| #define _ALL_SOURCE 1
| #define _DARWIN_C_SOURCE 1
| #define _GNU_SOURCE 1
| #define _HPUX_ALT_XOPEN_SOCKET_API 1
| #define _NETBSD_SOURCE 1
| #define _OPENBSD_SOURCE 1
| #define _POSIX_PTHREAD_SEMANTICS 1
| #define __STDC_WANT_IEC_60559_ATTRIBS_EXT__ 1
| #define __STDC_WANT_IEC_60559_BFP_EXT__ 1
| #define __STDC_WANT_IEC_60559_DFP_EXT__ 1
| #define __STDC_WANT_IEC_60559_FUNCS_EXT__ 1
| #define __STDC_WANT_IEC_60559_TYPES_EXT__ 1
| #define __STDC_WANT_LIB_EXT2__ 1
| #define __STDC_WANT_MATH_SPEC_FUNCS__ 1
| #define _TANDEM_SOURCE 1
| #define __EXTENSIONS__ 1
| #define PACKAGE "msmtp"
| #define VERSION "1.8.24"
| #define PLATFORM "x86_64-pc-linux-gnu"
| /* end confdefs.h.  */
| #include <ac_nonexistent.h>
configure:6949: checking for grep that handles long lines and -e
configure:7013: result: /usr/bin/grep
configure:7018: checking for egrep
configure:7086: result: /usr/bin/grep -E
configure:7095: checking for ELF binary format
configure:7119: result: yes
configure:7168: checking for the common suffixes of directories in the library search path
configure:7237: result: lib,lib,lib64
configure:7755: checking for CFPreferencesCopyAppValue
configure:7774: gcc -o conftest -g -O2   conftest.c  -Wl,-framework -Wl,CoreFoundation >&5
conftest.c:39:10: fatal error: CoreFoundation/CFPreferences.h: No such file or directory
 #include <CoreFoundation/CFPreferences.h>
          ^~~~~~~~~~~~~~~~~~~~~~~~~~~~~~~~
compilation terminated.
configure:7774: $? = 1
configure: failed program was:
| /* confdefs.h */
| #define PACKAGE_NAME "msmtp"
| #define PACKAGE_TARNAME "msmtp"
| #define PACKAGE_VERSION "1.8.24"
| #define PACKAGE_STRING "msmtp 1.8.24"
| #define PACKAGE_BUGREPORT "marlam@marlam.de"
| #define PACKAGE_URL "https://marlam.de/msmtp"
| #define HAVE_STDIO_H 1
| #define HAVE_STDLIB_H 1
| #define HAVE_STRING_H 1
| #define HAVE_INTTYPES_H 1
| #define HAVE_STDINT_H 1
| #define HAVE_STRINGS_H 1
| #define HAVE_SYS_STAT_H 1
| #define HAVE_SYS_TYPES_H 1
| #define HAVE_UNISTD_H 1
| #define HAVE_WCHAR_H 1
| #define STDC_HEADERS 1
| #define _ALL_SOURCE 1
| #define _DARWIN_C_SOURCE 1
| #define _GNU_SOURCE 1
| #define _HPUX_ALT_XOPEN_SOCKET_API 1
| #define _NETBSD_SOURCE 1
| #define _OPENBSD_SOURCE 1
| #define _POSIX_PTHREAD_SEMANTICS 1
| #define __STDC_WANT_IEC_60559_ATTRIBS_EXT__ 1
| #define __STDC_WANT_IEC_60559_BFP_EXT__ 1
| #define __STDC_WANT_IEC_60559_DFP_EXT__ 1
| #define __STDC_WANT_IEC_60559_FUNCS_EXT__ 1
| #define __STDC_WANT_IEC_60559_TYPES_EXT__ 1
| #define __STDC_WANT_LIB_EXT2__ 1
| #define __STDC_WANT_MATH_SPEC_FUNCS__ 1
| #define _TANDEM_SOURCE 1
| #define __EXTENSIONS__ 1
| #define PACKAGE "msmtp"
| #define VERSION "1.8.24"
| #define PLATFORM "x86_64-pc-linux-gnu"
| /* end confdefs.h.  */
| #include <CoreFoundation/CFPreferences.h>
| int
| main (void)
| {
| CFPreferencesCopyAppValue(NULL, NULL)
|   ;
|   return 0;
| }
configure:7784: result: no
configure:7791: checking for CFLocaleCopyPreferredLanguages
configure:7810: gcc -o conftest -g -O2   conftest.c  -Wl,-framework -Wl,CoreFoundation >&5
conftest.c:39:10: fatal error: CoreFoundation/CFLocale.h: No such file or directory
 #include <CoreFoundation/CFLocale.h>
          ^~~~~~~~~~~~~~~~~~~~~~~~~~~
compilation terminated.
configure:7810: $? = 1
configure: failed program was:
| /* confdefs.h */
| #define PACKAGE_NAME "msmtp"
| #define PACKAGE_TARNAME "msmtp"
| #define PACKAGE_VERSION "1.8.24"
| #define PACKAGE_STRING "msmtp 1.8.24"
| #define PACKAGE_BUGREPORT "marlam@marlam.de"
| #define PACKAGE_URL "https://marlam.de/msmtp"
| #define HAVE_STDIO_H 1
| #define HAVE_STDLIB_H 1
| #define HAVE_STRING_H 1
| #define HAVE_INTTYPES_H 1
| #define HAVE_STDINT_H 1
| #define HAVE_STRINGS_H 1
| #define HAVE_SYS_STAT_H 1
| #define HAVE_SYS_TYPES_H 1
| #define HAVE_UNISTD_H 1
| #define HAVE_WCHAR_H 1
| #define STDC_HEADERS 1
| #define _ALL_SOURCE 1
| #define _DARWIN_C_SOURCE 1
| #define _GNU_SOURCE 1
| #define _HPUX_ALT_XOPEN_SOCKET_API 1
| #define _NETBSD_SOURCE 1
| #define _OPENBSD_SOURCE 1
| #define _POSIX_PTHREAD_SEMANTICS 1
| #define __STDC_WANT_IEC_60559_ATTRIBS_EXT__ 1
| #define __STDC_WANT_IEC_60559_BFP_EXT__ 1
| #define __STDC_WANT_IEC_60559_DFP_EXT__ 1
| #define __STDC_WANT_IEC_60559_FUNCS_EXT__ 1
| #define __STDC_WANT_IEC_60559_TYPES_EXT__ 1
| #define __STDC_WANT_LIB_EXT2__ 1
| #define __STDC_WANT_MATH_SPEC_FUNCS__ 1
| #define _TANDEM_SOURCE 1
| #define __EXTENSIONS__ 1
| #define PACKAGE "msmtp"
| #define VERSION "1.8.24"
| #define PLATFORM "x86_64-pc-linux-gnu"
| /* end confdefs.h.  */
| #include <CoreFoundation/CFLocale.h>
| int
| main (void)
| {
| CFLocaleCopyPreferredLanguages();
|   ;
|   return 0;
| }
configure:7820: result: no
configure:7870: checking for GNU gettext in libc
configure:7900: gcc -o conftest -g -O2   conftest.c  >&5
configure:7900: $? = 0
configure:7910: result: yes
configure:8801: checking whether to use NLS
configure:8803: result: yes
configure:8806: checking where the gettext function comes from
configure:8817: result: libc
configure:8875: checking for fnmatch.h
configure:8875: gcc -c -g -O2  conftest.c >&5
configure:8875: $? = 0
configure:8875: result: yes
configure:8881: checking for sysexits.h
configure:8881: gcc -c -g -O2  conftest.c >&5
configure:8881: $? = 0
configure:8881: result: yes
configure:8887: checking for netdb.h
configure:8887: gcc -c -g -O2  conftest.c >&5
configure:8887: $? = 0
configure:8887: result: yes
configure:8893: checking for arpa/inet.h
configure:8893: gcc -c -g -O2  conftest.c >&5
configure:8893: $? = 0
configure:8893: result: yes
configure:8899: checking for sys/select.h
configure:8899: gcc -c -g -O2  conftest.c >&5
configure:8899: $? = 0
configure:8899: result: yes
configure:8905: checking for sys/socket.h
configure:8905: gcc -c -g -O2  conftest.c >&5
configure:8905: $? = 0
configure:8905: result: yes
configure:8911: checking for sys/wait.h
configure:8911: gcc -c -g -O2  conftest.c >&5
configure:8911: $? = 0
configure:8911: result: yes
configure:8917: checking for netinet/in.h
configure:8917: gcc -c -g -O2  conftest.c >&5
configure:8917: $? = 0
configure:8917: result: yes
configure:8924: checking for fmemopen
configure:8924: gcc -o conftest -g -O2   conftest.c  >&5
configure:8924: $? = 0
configure:8924: result: yes
configure:8930: checking for fseeko
configure:8930: gcc -o conftest -g -O2   conftest.c  >&5
configure:8930: $? = 0
configure:8930: result: yes
configure:8936: checking for fseeko64
configure:8936: gcc -o conftest -g -O2   conftest.c  >&5
configure:8936: $? = 0
configure:8936: result: yes
configure:8942: checking for getpass
configure:8942: gcc -o conftest -g -O2   conftest.c  >&5
configure:8942: $? = 0
configure:8942: result: yes
configure:8948: checking for link
configure:8948: gcc -o conftest -g -O2   conftest.c  >&5
configure:8948: $? = 0
configure:8948: result: yes
configure:8954: checking for signal
configure:8954: gcc -o conftest -g -O2   conftest.c  >&5
configure:8954: $? = 0
configure:8954: result: yes
configure:8960: checking for strndup
configure:8960: gcc -o conftest -g -O2   conftest.c  >&5
conftest.c:72:6: warning: conflicting types for built-in function 'strndup' [-Wbuiltin-declaration-mismatch]
 char strndup ();
      ^~~~~~~
configure:8960: $? = 0
configure:8960: result: yes
configure:8966: checking for syslog
configure:8966: gcc -o conftest -g -O2   conftest.c  >&5
configure:8966: $? = 0
configure:8966: result: yes
configure:8972: checking for vasprintf
configure:8972: gcc -o conftest -g -O2   conftest.c  >&5
configure:8972: $? = 0
configure:8972: result: yes
configure:8979: checking for library containing nanosleep
configure:9009: gcc -o conftest -g -O2   conftest.c  >&5
configure:9009: $? = 0
configure:9029: result: none required
configure:9038: checking for library containing socket
configure:9068: gcc -o conftest -g -O2   conftest.c  >&5
configure:9068: $? = 0
configure:9088: result: none required
configure:9098: checking for library containing res_query
configure:9115: gcc -o conftest -g -O2   conftest.c  >&5
/tmp/ccNgArSI.o: In function `main':
/root/rpmbuild-msmtp/BUILD/msmtp-1.8.24/conftest.c:67: undefined reference to `__res_query'
/root/rpmbuild-msmtp/BUILD/msmtp-1.8.24/conftest.c:67: undefined reference to `ns_initparse'
collect2: error: ld returned 1 exit status
configure:9115: $? = 1
configure: failed program was:
| /* confdefs.h */
| #define PACKAGE_NAME "msmtp"
| #define PACKAGE_TARNAME "msmtp"
| #define PACKAGE_VERSION "1.8.24"
| #define PACKAGE_STRING "msmtp 1.8.24"
| #define PACKAGE_BUGREPORT "marlam@marlam.de"
| #define PACKAGE_URL "https://marlam.de/msmtp"
| #define HAVE_STDIO_H 1
| #define HAVE_STDLIB_H 1
| #define HAVE_STRING_H 1
| #define HAVE_INTTYPES_H 1
| #define HAVE_STDINT_H 1
| #define HAVE_STRINGS_H 1
| #define HAVE_SYS_STAT_H 1
| #define HAVE_SYS_TYPES_H 1
| #define HAVE_UNISTD_H 1
| #define HAVE_WCHAR_H 1
| #define STDC_HEADERS 1
| #define _ALL_SOURCE 1
| #define _DARWIN_C_SOURCE 1
| #define _GNU_SOURCE 1
| #define _HPUX_ALT_XOPEN_SOCKET_API 1
| #define _NETBSD_SOURCE 1
| #define _OPENBSD_SOURCE 1
| #define _POSIX_PTHREAD_SEMANTICS 1
| #define __STDC_WANT_IEC_60559_ATTRIBS_EXT__ 1
| #define __STDC_WANT_IEC_60559_BFP_EXT__ 1
| #define __STDC_WANT_IEC_60559_DFP_EXT__ 1
| #define __STDC_WANT_IEC_60559_FUNCS_EXT__ 1
| #define __STDC_WANT_IEC_60559_TYPES_EXT__ 1
| #define __STDC_WANT_LIB_EXT2__ 1
| #define __STDC_WANT_MATH_SPEC_FUNCS__ 1
| #define _TANDEM_SOURCE 1
| #define __EXTENSIONS__ 1
| #define PACKAGE "msmtp"
| #define VERSION "1.8.24"
| #define PLATFORM "x86_64-pc-linux-gnu"
| #define ENABLE_NLS 1
| #define HAVE_GETTEXT 1
| #define HAVE_DCGETTEXT 1
| #define HAVE_FNMATCH_H 1
| #define HAVE_SYSEXITS_H 1
| #define HAVE_NETDB_H 1
| #define HAVE_ARPA_INET_H 1
| #define HAVE_SYS_SELECT_H 1
| #define HAVE_SYS_SOCKET_H 1
| #define HAVE_SYS_WAIT_H 1
| #define HAVE_NETINET_IN_H 1
| #define HAVE_FMEMOPEN 1
| #define HAVE_FSEEKO 1
| #define HAVE_FSEEKO64 1
| #define HAVE_GETPASS 1
| #define HAVE_LINK 1
| #define HAVE_SIGNAL 1
| #define HAVE_STRNDUP 1
| #define HAVE_SYSLOG 1
| #define HAVE_VASPRINTF 1
| /* end confdefs.h.  */
| 
|     #include <netinet/in.h>
|     #include <arpa/nameser.h>
|     #include <resolv.h>
| 
| int
| main (void)
| {
| res_query(0, 0, 0, 0, 0); ns_initparse(0, 0, 0);
|   ;
|   return 0;
| }
configure:9144: gcc -o conftest -g -O2   conftest.c  -lresolv >&5
configure:9144: $? = 0
configure:9153: result: -lresolv
configure:9226: checking for pkg-config
configure:9249: found /usr/bin/pkg-config
configure:9261: result: /usr/bin/pkg-config
configure:9286: checking pkg-config is at least version 0.9.0
configure:9289: result: yes
configure:9342: checking for gnutls >= 3.4
configure:9349: $PKG_CONFIG --exists --print-errors "gnutls >= 3.4"
Package gnutls was not found in the pkg-config search path.
Perhaps you should add the directory containing `gnutls.pc'
to the PKG_CONFIG_PATH environment variable
Package 'gnutls', required by 'virtual:world', not found
configure:9352: $? = 1
configure:9366: $PKG_CONFIG --exists --print-errors "gnutls >= 3.4"
Package gnutls was not found in the pkg-config search path.
Perhaps you should add the directory containing `gnutls.pc'
to the PKG_CONFIG_PATH environment variable
Package 'gnutls', required by 'virtual:world', not found
configure:9369: $? = 1
configure:9383: result: no
Package 'gnutls', required by 'virtual:world', not found
configure:9412: WARNING: library libgnutls not found:
configure:9414: WARNING: Package 'gnutls', required by 'virtual:world', not found
configure:9416: WARNING: libgnutls is provided by GnuTLS
configure:9613: WARNING: Disabling TLS support, which is very bad. Consider using GnuTLS!
configure:9766: checking for gcc options needed to detect all undeclared functions
configure:9788: gcc -c -g -O2   conftest.c >&5
conftest.c: In function 'main':
conftest.c:64:8: error: 'strchr' undeclared (first use in this function)
 (void) strchr;
        ^~~~~~
conftest.c:64:8: note: 'strchr' is defined in header '<string.h>'; did you forget to '#include <string.h>'?
conftest.c:1:1:
 /* confdefs.h */
conftest.c:64:8:
 (void) strchr;
        ^~~~~~
conftest.c:64:8: note: each undeclared identifier is reported only once for each function it appears in
configure:9788: $? = 1
configure: failed program was:
| /* confdefs.h */
| #define PACKAGE_NAME "msmtp"
| #define PACKAGE_TARNAME "msmtp"
| #define PACKAGE_VERSION "1.8.24"
| #define PACKAGE_STRING "msmtp 1.8.24"
| #define PACKAGE_BUGREPORT "marlam@marlam.de"
| #define PACKAGE_URL "https://marlam.de/msmtp"
| #define HAVE_STDIO_H 1
| #define HAVE_STDLIB_H 1
| #define HAVE_STRING_H 1
| #define HAVE_INTTYPES_H 1
| #define HAVE_STDINT_H 1
| #define HAVE_STRINGS_H 1
| #define HAVE_SYS_STAT_H 1
| #define HAVE_SYS_TYPES_H 1
| #define HAVE_UNISTD_H 1
| #define HAVE_WCHAR_H 1
| #define STDC_HEADERS 1
| #define _ALL_SOURCE 1
| #define _DARWIN_C_SOURCE 1
| #define _GNU_SOURCE 1
| #define _HPUX_ALT_XOPEN_SOCKET_API 1
| #define _NETBSD_SOURCE 1
| #define _OPENBSD_SOURCE 1
| #define _POSIX_PTHREAD_SEMANTICS 1
| #define __STDC_WANT_IEC_60559_ATTRIBS_EXT__ 1
| #define __STDC_WANT_IEC_60559_BFP_EXT__ 1
| #define __STDC_WANT_IEC_60559_DFP_EXT__ 1
| #define __STDC_WANT_IEC_60559_FUNCS_EXT__ 1
| #define __STDC_WANT_IEC_60559_TYPES_EXT__ 1
| #define __STDC_WANT_LIB_EXT2__ 1
| #define __STDC_WANT_MATH_SPEC_FUNCS__ 1
| #define _TANDEM_SOURCE 1
| #define __EXTENSIONS__ 1
| #define PACKAGE "msmtp"
| #define VERSION "1.8.24"
| #define PLATFORM "x86_64-pc-linux-gnu"
| #define ENABLE_NLS 1
| #define HAVE_GETTEXT 1
| #define HAVE_DCGETTEXT 1
| #define HAVE_FNMATCH_H 1
| #define HAVE_SYSEXITS_H 1
| #define HAVE_NETDB_H 1
| #define HAVE_ARPA_INET_H 1
| #define HAVE_SYS_SELECT_H 1
| #define HAVE_SYS_SOCKET_H 1
| #define HAVE_SYS_WAIT_H 1
| #define HAVE_NETINET_IN_H 1
| #define HAVE_FMEMOPEN 1
| #define HAVE_FSEEKO 1
| #define HAVE_FSEEKO64 1
| #define HAVE_GETPASS 1
| #define HAVE_LINK 1
| #define HAVE_SIGNAL 1
| #define HAVE_STRNDUP 1
| #define HAVE_SYSLOG 1
| #define HAVE_VASPRINTF 1
| #define HAVE_LIBRESOLV 1
| /* end confdefs.h.  */
| 
| int
| main (void)
| {
| (void) strchr;
|   ;
|   return 0;
| }
configure:9815: gcc -c -g -O2   conftest.c >&5
configure:9815: $? = 0
configure:9832: result: none needed
configure:9846: checking whether AI_IDN is declared
configure:9846: gcc -c -g -O2   conftest.c >&5
configure:9846: $? = 0
configure:9846: result: yes
configure:9857: checking whether getaddrinfo accepts AI_IDN
configure:9893: gcc -o conftest -g -O2   conftest.c  -lresolv >&5
configure:9893: $? = 0
configure:9893: ./conftest
configure:9893: $? = 0
configure:9903: result: yes
configure:9923: checking whether libidn is needed for IDN support
configure:9931: result: no
configure:10046: checking for libsecret-1
configure:10053: $PKG_CONFIG --exists --print-errors "libsecret-1"
Package libsecret-1 was not found in the pkg-config search path.
Perhaps you should add the directory containing `libsecret-1.pc'
to the PKG_CONFIG_PATH environment variable
Package 'libsecret-1', required by 'virtual:world', not found
configure:10056: $? = 1
configure:10070: $PKG_CONFIG --exists --print-errors "libsecret-1"
Package libsecret-1 was not found in the pkg-config search path.
Perhaps you should add the directory containing `libsecret-1.pc'
to the PKG_CONFIG_PATH environment variable
Package 'libsecret-1', required by 'virtual:world', not found
configure:10073: $? = 1
configure:10087: result: no
Package 'libsecret-1', required by 'virtual:world', not found
configure:10116: WARNING: library libsecret not found:
configure:10118: WARNING: Package 'libsecret-1', required by 'virtual:world', not found
configure:10120: WARNING: libsecret is provided by Gnome
configure:10141: checking for SecKeychainGetVersion
configure:10160: gcc -o conftest -g -O2   conftest.c  -lresolv -Wl,-framework -Wl,Security >&5
conftest.c:61:10: fatal error: Security/Security.h: No such file or directory
 #include <Security/Security.h>
          ^~~~~~~~~~~~~~~~~~~~~
compilation terminated.
configure:10160: $? = 1
configure: failed program was:
| /* confdefs.h */
| #define PACKAGE_NAME "msmtp"
| #define PACKAGE_TARNAME "msmtp"
| #define PACKAGE_VERSION "1.8.24"
| #define PACKAGE_STRING "msmtp 1.8.24"
| #define PACKAGE_BUGREPORT "marlam@marlam.de"
| #define PACKAGE_URL "https://marlam.de/msmtp"
| #define HAVE_STDIO_H 1
| #define HAVE_STDLIB_H 1
| #define HAVE_STRING_H 1
| #define HAVE_INTTYPES_H 1
| #define HAVE_STDINT_H 1
| #define HAVE_STRINGS_H 1
| #define HAVE_SYS_STAT_H 1
| #define HAVE_SYS_TYPES_H 1
| #define HAVE_UNISTD_H 1
| #define HAVE_WCHAR_H 1
| #define STDC_HEADERS 1
| #define _ALL_SOURCE 1
| #define _DARWIN_C_SOURCE 1
| #define _GNU_SOURCE 1
| #define _HPUX_ALT_XOPEN_SOCKET_API 1
| #define _NETBSD_SOURCE 1
| #define _OPENBSD_SOURCE 1
| #define _POSIX_PTHREAD_SEMANTICS 1
| #define __STDC_WANT_IEC_60559_ATTRIBS_EXT__ 1
| #define __STDC_WANT_IEC_60559_BFP_EXT__ 1
| #define __STDC_WANT_IEC_60559_DFP_EXT__ 1
| #define __STDC_WANT_IEC_60559_FUNCS_EXT__ 1
| #define __STDC_WANT_IEC_60559_TYPES_EXT__ 1
| #define __STDC_WANT_LIB_EXT2__ 1
| #define __STDC_WANT_MATH_SPEC_FUNCS__ 1
| #define _TANDEM_SOURCE 1
| #define __EXTENSIONS__ 1
| #define PACKAGE "msmtp"
| #define VERSION "1.8.24"
| #define PLATFORM "x86_64-pc-linux-gnu"
| #define ENABLE_NLS 1
| #define HAVE_GETTEXT 1
| #define HAVE_DCGETTEXT 1
| #define HAVE_FNMATCH_H 1
| #define HAVE_SYSEXITS_H 1
| #define HAVE_NETDB_H 1
| #define HAVE_ARPA_INET_H 1
| #define HAVE_SYS_SELECT_H 1
| #define HAVE_SYS_SOCKET_H 1
| #define HAVE_SYS_WAIT_H 1
| #define HAVE_NETINET_IN_H 1
| #define HAVE_FMEMOPEN 1
| #define HAVE_FSEEKO 1
| #define HAVE_FSEEKO64 1
| #define HAVE_GETPASS 1
| #define HAVE_LINK 1
| #define HAVE_SIGNAL 1
| #define HAVE_STRNDUP 1
| #define HAVE_SYSLOG 1
| #define HAVE_VASPRINTF 1
| #define HAVE_LIBRESOLV 1
| #define HAVE_GAI_IDN 1
| /* end confdefs.h.  */
| #include <Security/Security.h>
| int
| main (void)
| {
| SecKeychainGetVersion(NULL);
|   ;
|   return 0;
| }
configure:10170: result: no
configure:10314: checking that generated files are newer than configure
configure:10320: result: done
configure:10367: creating ./config.status

## ---------------------- ##
## Running config.status. ##
## ---------------------- ##

This file was extended by msmtp config.status 1.8.24, which was
generated by GNU Autoconf 2.71.  Invocation command line was

  CONFIG_FILES    = 
  CONFIG_HEADERS  = 
  CONFIG_LINKS    = 
  CONFIG_COMMANDS = 
  $ ./config.status 

on a2d9b986607f

config.status:960: creating Makefile
config.status:960: creating src/Makefile
config.status:960: creating po/Makefile.in
config.status:960: creating doc/Makefile
config.status:960: creating scripts/Makefile
config.status:960: creating config.h
config.status:1189: executing depfiles commands
config.status:1266: cd src       && sed -e '/# am--include-marker/d' Makefile         | make -f - am--depfiles
config.status:1271: $? = 0
config.status:1189: executing po-directories commands

## ---------------- ##
## Cache variables. ##
## ---------------- ##

ac_cv_build=x86_64-pc-linux-gnu
ac_cv_c_compiler_gnu=yes
ac_cv_c_undeclared_builtin_options='none needed'
ac_cv_env_CC_set=
ac_cv_env_CC_value=
ac_cv_env_CFLAGS_set=
ac_cv_env_CFLAGS_value=
ac_cv_env_CPPFLAGS_set=
ac_cv_env_CPPFLAGS_value=
ac_cv_env_CPP_set=
ac_cv_env_CPP_value=
ac_cv_env_LDFLAGS_set=
ac_cv_env_LDFLAGS_value=
ac_cv_env_LIBS_set=
ac_cv_env_LIBS_value=
ac_cv_env_PKG_CONFIG_LIBDIR_set=
ac_cv_env_PKG_CONFIG_LIBDIR_value=
ac_cv_env_PKG_CONFIG_PATH_set=set
ac_cv_env_PKG_CONFIG_PATH_value=:/usr/lib64/pkgconfig:/usr/share/pkgconfig
ac_cv_env_PKG_CONFIG_set=
ac_cv_env_PKG_CONFIG_value=
ac_cv_env_build_alias_set=
ac_cv_env_build_alias_value=
ac_cv_env_host_alias_set=
ac_cv_env_host_alias_value=
ac_cv_env_libgnutls_CFLAGS_set=
ac_cv_env_libgnutls_CFLAGS_value=
ac_cv_env_libgnutls_LIBS_set=
ac_cv_env_libgnutls_LIBS_value=
ac_cv_env_libgsasl_CFLAGS_set=
ac_cv_env_libgsasl_CFLAGS_value=
ac_cv_env_libgsasl_LIBS_set=
ac_cv_env_libgsasl_LIBS_value=
ac_cv_env_libidn2_CFLAGS_set=
ac_cv_env_libidn2_CFLAGS_value=
ac_cv_env_libidn2_LIBS_set=
ac_cv_env_libidn2_LIBS_value=
ac_cv_env_libsecret_CFLAGS_set=
ac_cv_env_libsecret_CFLAGS_value=
ac_cv_env_libsecret_LIBS_set=
ac_cv_env_libsecret_LIBS_value=
ac_cv_env_libssl_CFLAGS_set=
ac_cv_env_libssl_CFLAGS_value=
ac_cv_env_libssl_LIBS_set=
ac_cv_env_libssl_LIBS_value=
ac_cv_env_libtls_CFLAGS_set=
ac_cv_env_libtls_CFLAGS_value=
ac_cv_env_libtls_LIBS_set=
ac_cv_env_libtls_LIBS_value=
ac_cv_env_target_alias_set=
ac_cv_env_target_alias_value=
ac_cv_func_SecKeychainGetVersion=no
ac_cv_func_fmemopen=yes
ac_cv_func_fseeko64=yes
ac_cv_func_fseeko=yes
ac_cv_func_getpass=yes
ac_cv_func_link=yes
ac_cv_func_signal=yes
ac_cv_func_strndup=yes
ac_cv_func_syslog=yes
ac_cv_func_vasprintf=yes
ac_cv_have_decl_AI_IDN=yes
ac_cv_header_arpa_inet_h=yes
ac_cv_header_fnmatch_h=yes
ac_cv_header_inttypes_h=yes
ac_cv_header_minix_config_h=no
ac_cv_header_netdb_h=yes
ac_cv_header_netinet_in_h=yes
ac_cv_header_stdint_h=yes
ac_cv_header_stdio_h=yes
ac_cv_header_stdlib_h=yes
ac_cv_header_string_h=yes
ac_cv_header_strings_h=yes
ac_cv_header_sys_select_h=yes
ac_cv_header_sys_socket_h=yes
ac_cv_header_sys_stat_h=yes
ac_cv_header_sys_types_h=yes
ac_cv_header_sys_wait_h=yes
ac_cv_header_sysexits_h=yes
ac_cv_header_unistd_h=yes
ac_cv_header_wchar_h=yes
ac_cv_host=x86_64-pc-linux-gnu
ac_cv_objext=o
ac_cv_path_EGREP='/usr/bin/grep -E'
ac_cv_path_GMSGFMT=/usr/bin/msgfmt
ac_cv_path_GREP=/usr/bin/grep
ac_cv_path_MSGFMT=/usr/bin/msgfmt
ac_cv_path_MSGMERGE=/usr/bin/msgmerge
ac_cv_path_SED=/usr/bin/sed
ac_cv_path_XGETTEXT=/usr/bin/xgettext
ac_cv_path_ac_pt_PKG_CONFIG=/usr/bin/pkg-config
ac_cv_path_install='/usr/bin/install -c'
ac_cv_path_mkdir=/usr/bin/mkdir
ac_cv_prog_AWK=gawk
ac_cv_prog_CPP='gcc -E'
ac_cv_prog_ac_ct_CC=gcc
ac_cv_prog_cc_c11=
ac_cv_prog_cc_g=yes
ac_cv_prog_cc_stdc=
ac_cv_prog_make_make_set=yes
ac_cv_safe_to_define___extensions__=yes
ac_cv_search_nanosleep='none required'
ac_cv_search_socket='none required'
ac_cv_should_define__xopen_source=no
ac_cv_sys_file_offset_bits=no
ac_cv_sys_largefile_CC=no
ac_cv_target=x86_64-pc-linux-gnu
acl_cv_hardcode_direct=no
acl_cv_hardcode_libdir_flag_spec='${wl}-rpath ${wl}$libdir'
acl_cv_hardcode_libdir_separator=
acl_cv_hardcode_minus_L=no
acl_cv_libdirstems=lib,lib,lib64
acl_cv_libext=a
acl_cv_libname_spec='lib$name'
acl_cv_library_names_spec='$libname$shrext'
acl_cv_path_LD=/usr/bin/ld
acl_cv_prog_gnu_ld=yes
acl_cv_rpath=done
acl_cv_shlibext=so
acl_cv_wl=-Wl,
am_cv_CC_dependencies_compiler_type=gcc3
am_cv_make_support_nested_variables=yes
am_cv_prog_cc_c_o=yes
gl_cv_elf=yes
gl_cv_host_cpu_c_abi_32bit=no
gt_cv_func_CFLocaleCopyPreferredLanguages=no
gt_cv_func_CFPreferencesCopyAppValue=no
gt_cv_func_gnugettext1_libc=yes

## ----------------- ##
## Output variables. ##
## ----------------- ##

ACLOCAL='${SHELL} '\''/root/rpmbuild-msmtp/BUILD/msmtp-1.8.24/build-aux/missing'\'' aclocal-1.16'
AMDEPBACKSLASH='\'
AMDEP_FALSE='#'
AMDEP_TRUE=''
AMTAR='$${TAR-tar}'
AM_BACKSLASH='\'
AM_DEFAULT_V='$(AM_DEFAULT_VERBOSITY)'
AM_DEFAULT_VERBOSITY='0'
AM_V='$(V)'
AUTOCONF='${SHELL} '\''/root/rpmbuild-msmtp/BUILD/msmtp-1.8.24/build-aux/missing'\'' autoconf'
AUTOHEADER='${SHELL} '\''/root/rpmbuild-msmtp/BUILD/msmtp-1.8.24/build-aux/missing'\'' autoheader'
AUTOMAKE='${SHELL} '\''/root/rpmbuild-msmtp/BUILD/msmtp-1.8.24/build-aux/missing'\'' automake-1.16'
AWK='gawk'
BUILD_MSMTPD_FALSE='#'
BUILD_MSMTPD_TRUE=''
CC='gcc'
CCDEPMODE='depmode=gcc3'
CFLAGS='-g -O2'
CPP='gcc -E'
CPPFLAGS=''
CSCOPE='cscope'
CTAGS='ctags'
CYGPATH_W='echo'
DEFS='-DHAVE_CONFIG_H'
DEPDIR='.deps'
ECHO_C=''
ECHO_N='-n'
ECHO_T=''
EGREP='/usr/bin/grep -E'
ETAGS='etags'
EXEEXT=''
GETTEXT_MACRO_VERSION='0.20'
GMSGFMT='/usr/bin/msgfmt'
GMSGFMT_015='/usr/bin/msgfmt'
GREP='/usr/bin/grep'
HAVE_GNUTLS_FALSE=''
HAVE_GNUTLS_TRUE='#'
HAVE_LIBGSASL_FALSE=''
HAVE_LIBGSASL_TRUE='#'
HAVE_LIBTLS_FALSE=''
HAVE_LIBTLS_TRUE='#'
HAVE_OPENSSL_FALSE=''
HAVE_OPENSSL_TRUE='#'
HAVE_TLS_FALSE=''
HAVE_TLS_TRUE='#'
INSTALL_DATA='${INSTALL} -m 644'
INSTALL_PROGRAM='${INSTALL}'
INSTALL_SCRIPT='${INSTALL}'
INSTALL_STRIP_PROGRAM='$(install_sh) -c -s'
INTLLIBS=''
INTL_MACOSX_LIBS=''
LDFLAGS=''
LIBICONV='-liconv'
LIBINTL=''
LIBOBJS=''
LIBS=' -lresolv'
LTLIBICONV='-liconv'
LTLIBINTL=''
LTLIBOBJS=''
MAKEINFO='${SHELL} '\''/root/rpmbuild-msmtp/BUILD/msmtp-1.8.24/build-aux/missing'\'' makeinfo'
MKDIR_P='/usr/bin/mkdir -p'
MSGFMT='/usr/bin/msgfmt'
MSGMERGE='/usr/bin/msgmerge'
MSGMERGE_FOR_MSGFMT_OPTION='--no-fuzzy-matching --no-location --quiet'
OBJEXT='o'
PACKAGE='msmtp'
PACKAGE_BUGREPORT='marlam@marlam.de'
PACKAGE_NAME='msmtp'
PACKAGE_STRING='msmtp 1.8.24'
PACKAGE_TARNAME='msmtp'
PACKAGE_URL='https://marlam.de/msmtp'
PACKAGE_VERSION='1.8.24'
PATH_SEPARATOR=':'
PKG_CONFIG='/usr/bin/pkg-config'
PKG_CONFIG_LIBDIR=''
PKG_CONFIG_PATH=':/usr/lib64/pkgconfig:/usr/share/pkgconfig'
POSUB='po'
SED='/usr/bin/sed'
SET_MAKE=''
SHELL='/bin/sh'
STRIP=''
USE_NLS='yes'
VERSION='1.8.24'
XGETTEXT='/usr/bin/xgettext'
XGETTEXT_015='/usr/bin/xgettext'
XGETTEXT_EXTRA_OPTIONS=''
ac_ct_CC='gcc'
am__EXEEXT_FALSE=''
am__EXEEXT_TRUE='#'
am__fastdepCC_FALSE='#'
am__fastdepCC_TRUE=''
am__include='include'
am__isrc=''
am__leading_dot='.'
am__nodep='_no'
am__quote=''
am__tar='$${TAR-tar} chof - "$$tardir"'
am__untar='$${TAR-tar} xf -'
bindir='${exec_prefix}/bin'
build='x86_64-pc-linux-gnu'
build_alias=''
build_cpu='x86_64'
build_os='linux-gnu'
build_vendor='pc'
datadir='${datarootdir}'
datarootdir='${prefix}/share'
docdir='${datarootdir}/doc/${PACKAGE_TARNAME}'
dvidir='${docdir}'
exec_prefix='${prefix}'
host='x86_64-pc-linux-gnu'
host_alias=''
host_cpu='x86_64'
host_os='linux-gnu'
host_vendor='pc'
htmldir='${docdir}'
includedir='${prefix}/include'
infodir='${datarootdir}/info'
install_sh='${SHELL} /root/rpmbuild-msmtp/BUILD/msmtp-1.8.24/build-aux/install-sh'
libdir='${exec_prefix}/lib'
libexecdir='${exec_prefix}/libexec'
libgnutls_CFLAGS=''
libgnutls_LIBS=''
libgsasl_CFLAGS=''
libgsasl_LIBS=''
libidn2_CFLAGS=''
libidn2_LIBS=''
libsecret_CFLAGS=''
libsecret_LIBS=''
libssl_CFLAGS=''
libssl_LIBS=''
libtls_CFLAGS=''
libtls_LIBS=''
localedir='${datarootdir}/locale'
localstatedir='${prefix}/var'
mandir='${datarootdir}/man'
mkdir_p='$(MKDIR_P)'
oldincludedir='/usr/include'
pdfdir='${docdir}'
prefix='/usr/local'
program_transform_name='s,x,x,'
psdir='${docdir}'
runstatedir='${localstatedir}/run'
sbindir='${exec_prefix}/sbin'
sharedstatedir='${prefix}/com'
sysconfdir='${prefix}/etc'
target='x86_64-pc-linux-gnu'
target_alias=''
target_cpu='x86_64'
target_os='linux-gnu'
target_vendor='pc'
tls_CFLAGS=''
tls_LIBS=''

## ----------- ##
## confdefs.h. ##
## ----------- ##

/* confdefs.h */
#define PACKAGE_NAME "msmtp"
#define PACKAGE_TARNAME "msmtp"
#define PACKAGE_VERSION "1.8.24"
#define PACKAGE_STRING "msmtp 1.8.24"
#define PACKAGE_BUGREPORT "marlam@marlam.de"
#define PACKAGE_URL "https://marlam.de/msmtp"
#define HAVE_STDIO_H 1
#define HAVE_STDLIB_H 1
#define HAVE_STRING_H 1
#define HAVE_INTTYPES_H 1
#define HAVE_STDINT_H 1
#define HAVE_STRINGS_H 1
#define HAVE_SYS_STAT_H 1
#define HAVE_SYS_TYPES_H 1
#define HAVE_UNISTD_H 1
#define HAVE_WCHAR_H 1
#define STDC_HEADERS 1
#define _ALL_SOURCE 1
#define _DARWIN_C_SOURCE 1
#define _GNU_SOURCE 1
#define _HPUX_ALT_XOPEN_SOCKET_API 1
#define _NETBSD_SOURCE 1
#define _OPENBSD_SOURCE 1
#define _POSIX_PTHREAD_SEMANTICS 1
#define __STDC_WANT_IEC_60559_ATTRIBS_EXT__ 1
#define __STDC_WANT_IEC_60559_BFP_EXT__ 1
#define __STDC_WANT_IEC_60559_DFP_EXT__ 1
#define __STDC_WANT_IEC_60559_FUNCS_EXT__ 1
#define __STDC_WANT_IEC_60559_TYPES_EXT__ 1
#define __STDC_WANT_LIB_EXT2__ 1
#define __STDC_WANT_MATH_SPEC_FUNCS__ 1
#define _TANDEM_SOURCE 1
#define __EXTENSIONS__ 1
#define PACKAGE "msmtp"
#define VERSION "1.8.24"
#define PLATFORM "x86_64-pc-linux-gnu"
#define ENABLE_NLS 1
#define HAVE_GETTEXT 1
#define HAVE_DCGETTEXT 1
#define HAVE_FNMATCH_H 1
#define HAVE_SYSEXITS_H 1
#define HAVE_NETDB_H 1
#define HAVE_ARPA_INET_H 1
#define HAVE_SYS_SELECT_H 1
#define HAVE_SYS_SOCKET_H 1
#define HAVE_SYS_WAIT_H 1
#define HAVE_NETINET_IN_H 1
#define HAVE_FMEMOPEN 1
#define HAVE_FSEEKO 1
#define HAVE_FSEEKO64 1
#define HAVE_GETPASS 1
#define HAVE_LINK 1
#define HAVE_SIGNAL 1
#define HAVE_STRNDUP 1
#define HAVE_SYSLOG 1
#define HAVE_VASPRINTF 1
#define HAVE_LIBRESOLV 1
#define HAVE_GAI_IDN 1

configure: exit 0
